
==================================================
1: CAD/OnshapeTutorial/test.py
terminate called after throwing an instance of 'ngcore::Exception'
  what():  Stop meshing since surface mesh not consistent
Caught SIGABRT: usually caused by abort() or assert()

terminate called after throwing an instance of 'ngcore::Exception'
  what():  Stop meshing since surface mesh not consistent
Caught SIGABRT: usually caused by abort() or assert()

52.1 seconds


==================================================
2: CAD/Opt/test.py
1.6 seconds


==================================================
3: Contact/CNC/test.py
161.7 seconds


==================================================
4: Contact/Eyebar/test.py
14.2 seconds


==================================================
5: Contact/Hertz_2D/test.py
34.0 seconds


==================================================
6: Contact/Hertz_axi/test.py
186.2 seconds


==================================================
7: Contact/Leafspring/test.py
19.9 seconds


==================================================
8: Contact/Penalty/test.py
5.0 seconds


==================================================
9: Contact/Shell0/test.py
9.2 seconds


==================================================
10: Contact/Shell1/test.py
10.2 seconds


==================================================
11: Contact/Tubes/test.py
49.1 seconds


==================================================
12: Contact/Valve/test.py
8.3 seconds


==================================================
13: Drahtbiegen/Biegung/test.py
70.1 seconds


==================================================
14: Dynamics/Discrete/test.py
Warning: empty y range [0:0], adjusting to [-1:1]
Warning: empty y range [0:0], adjusting to [-1:1]
Warning: empty y range [0:0], adjusting to [-1:1]
2.3 seconds


==================================================
15: Elements/Solid/test.py
52.1 seconds


==================================================
16: Kasten/test.py
78.3 seconds


==================================================
17: Linear/BiaxBending/test.py
4.8 seconds


==================================================
18: Linear/Crack1/test.py
14.7 seconds


==================================================
19: Linear/L-Plate/test.py
20.6 seconds


==================================================
20: Linear/Mesh1/test.py
33.7 seconds


==================================================
21: Linear/PSE/test.py
6.3 seconds


==================================================
22: Linear/Plates/test.py
3.3 seconds


==================================================
23: Linear/Separate/test.py
7.6 seconds


==================================================
24: Linear/ShearCenter/test.py
7.1 seconds


==================================================
25: Linear/StressConc/test.py
4.2 seconds


==================================================
26: Linear/StressConc1/test.py
convert-im6.q16: not authorized `graph_0.ps' @ error/constitute.c/ReadImage/412.
convert-im6.q16: no images defined `Refs/nodepath.png' @ error/convert.c/ConvertImageCommand/3258.
convert-im6.q16: not authorized `graph_1.ps' @ error/constitute.c/ReadImage/412.
convert-im6.q16: no images defined `Refs/linepath.png' @ error/convert.c/ConvertImageCommand/3258.
6.2 seconds


==================================================
27: NonLinear/3PB/test.py

        User and default variables:
        pi = 3.14159265358979
        GNUTERM = "qt"
        NaN = NaN
        ARGC = 0
        ARG0 = "df.gpl"
        disp = 20
        w = 1.90476190476
        Fe = 45973.7770667

308.8 seconds


==================================================
28: NonLinear/Cut/test.py
2612.1 seconds


==================================================
29: NonLinear/Honeycomb/test.py
1273.1 seconds


==================================================
30: NonLinear/Rohrknie/test.py
113.3 seconds


==================================================
31: NonLinear/Sandwichtest/test.py
77.0 seconds


==================================================
32: NonLinear/Sections/Plastic/test.py
265.1 seconds


==================================================
33: NonLinear/Sections/test.py
100.3 seconds


==================================================
34: NonLinear/TensileTest/test.py
117.2 seconds


==================================================
35: Pillow/test.py
55.6 seconds


==================================================
36: RVE/Periodic/test.py
5.0 seconds


==================================================
37: RVE/PlanarSlide/test.py
185.8 seconds


==================================================
38: RVE/PlaneOrtho1/test.py
11.8 seconds


==================================================
39: Streifen/test.py
8.0 seconds


==================================================
40: Test/Beam/test.py
28.6 seconds


==================================================
41: Test/BeamSections/test.py
2.5 seconds


==================================================
42: Test/Distributing/test.py
14.7 seconds


==================================================
43: Test/Joints/test.py
106.2 seconds


==================================================
44: Test/Meanrot/test.py
5.2 seconds


==================================================
45: Test/Supports/test.py
76.6 seconds


==================================================
46: Test/Supports1/test.py
85.6 seconds


==================================================
47: Thermal/Thermal distortion/test.py
12.2 seconds


==================================================
48: Thermal/Thermal shock/test.py
58.7 seconds


==================================================
49: Thermal/Thermografie/test.py
convert-im6.q16: not authorized `graph_0.ps' @ error/constitute.c/ReadImage/412.
convert-im6.q16: no images defined `Refs/history.png' @ error/convert.c/ConvertImageCommand/3258.
convert-im6.q16: not authorized `graph_1.ps' @ error/constitute.c/ReadImage/412.
convert-im6.q16: no images defined `Refs/pathplot.png' @ error/convert.c/ConvertImageCommand/3258.
53.4 seconds

Total 6440.8 seconds