# node length dat(ds)
7603       0.00000e+00  1.30226e+00 
7604       1.47060e+00  1.27187e+00 
7605       2.94120e+00  1.18030e+00 
7606       4.41180e+00  1.06083e+00 
7607       5.88240e+00  9.81566e-01 
7608       7.35290e+00  9.51106e-01 
7609       8.82350e+00  9.38097e-01 
7610       1.02941e+01  9.29832e-01 
7611       1.17647e+01  9.24488e-01 
7612       1.32353e+01  9.20936e-01 
7613       1.47059e+01  9.18589e-01 
7614       1.61765e+01  9.17104e-01 
7615       1.76471e+01  9.16247e-01 
7616       1.91176e+01  9.15868e-01 
7617       2.05882e+01  9.15881e-01 
7618       2.20588e+01  9.16244e-01 
7619       2.35294e+01  9.16878e-01 
7620       2.50000e+01  9.17924e-01 
7621       2.64706e+01  9.19871e-01 
7622       2.79412e+01  9.22536e-01 
7623       2.94118e+01  9.26283e-01 
7624       3.08824e+01  9.32174e-01 
7625       3.23529e+01  9.47740e-01 
7626       3.38235e+01  9.85178e-01 
7627       3.52941e+01  1.01606e+00 
7628       3.67647e+01  9.95690e-01 
7629       3.82353e+01  9.61089e-01 
7630       3.97059e+01  9.45082e-01 
7631       4.11765e+01  9.43044e-01 
7632       4.26471e+01  9.47285e-01 
7633       4.41176e+01  9.58803e-01 
7634       4.55882e+01  9.90764e-01 
7635       4.70588e+01  1.06555e+00 
7636       4.85294e+01  1.15973e+00 
7637       5.00000e+01  1.19815e+00 
