1     0     2.00000e-02  0.000000 0.00000e+00  0.00000e+00  0.00000e+00  0.00000e+00  
2     1     4.00000e-02  0.000000 1.08307e-04  3.82130e-04  4.74098e-01  4.76032e-01  
3     2     6.00000e-02  0.000000 6.68118e-04  2.30957e-03  7.43246e-01  7.52615e-01  
4     3     8.00000e-02  0.000000 2.22400e-03  7.43285e-03  9.46080e-01  9.70453e-01  
5     4     1.00000e-01  0.000000 5.36652e-03  1.71868e-02  1.12011e+00  1.16646e+00  
6     5     1.20000e-01  0.000000 1.05914e-02  3.23636e-02  1.27885e+00  1.35227e+00  
7     6     1.40000e-01  0.000000 1.82359e-02  5.31210e-02  1.42834e+00  1.53202e+00  
8     7     1.60000e-01  0.000000 2.84808e-02  7.91970e-02  1.57161e+00  1.70738e+00  
9     8     1.80000e-01  0.000000 4.13841e-02  1.10125e-01  1.71038e+00  1.87914e+00  
10    9     2.00000e-01  0.000000 5.69198e-02  1.45378e-01  1.84568e+00  2.04775e+00  
11    10    2.20000e-01  0.000000 7.49022e-02  1.84064e-01  1.50410e+00  1.73750e+00  
12    11    2.40000e-01  0.000000 9.48822e-02  2.24559e-01  1.36517e+00  1.62412e+00  
13    12    2.60000e-01  0.000000 1.16196e-01  2.64809e-01  1.29061e+00  1.56712e+00  
14    13    2.80000e-01  0.000000 1.38129e-01  3.03035e-01  1.24320e+00  1.52974e+00  
15    14    3.00000e-01  0.000000 1.60064e-01  3.38151e-01  1.20963e+00  1.50054e+00  
16    15    3.20000e-01  0.000000 1.81545e-01  3.69745e-01  1.18407e+00  1.47549e+00  
17    16    3.40000e-01  0.000000 2.02280e-01  3.97866e-01  1.16363e+00  1.45307e+00  
18    17    3.60000e-01  0.000000 2.22105e-01  4.22796e-01  1.14672e+00  1.43261e+00  
19    18    3.80000e-01  0.000000 2.40948e-01  4.44901e-01  1.13242e+00  1.41374e+00  
20    19    4.00000e-01  0.000000 2.58795e-01  4.64555e-01  1.12013e+00  1.39625e+00  
21    20    4.20000e-01  0.000000 2.75666e-01  4.82098e-01  1.10944e+00  1.37998e+00  
22    21    4.40000e-01  0.000000 2.91603e-01  4.97828e-01  1.10007e+00  1.36480e+00  
23    22    4.60000e-01  0.000000 3.06654e-01  5.11997e-01  1.09179e+00  1.35061e+00  
24    23    4.80000e-01  0.000000 3.20876e-01  5.24819e-01  1.08443e+00  1.33730e+00  
25    24    5.00000e-01  0.000000 3.34322e-01  5.36474e-01  1.07784e+00  1.32481e+00  
26    25    5.20000e-01  0.000000 3.47048e-01  5.47113e-01  1.07191e+00  1.31305e+00  
27    26    5.40000e-01  0.000000 3.59103e-01  5.56864e-01  1.06654e+00  1.30197e+00  
28    27    5.60000e-01  0.000000 3.70537e-01  5.65834e-01  1.06166e+00  1.29151e+00  
29    28    5.80000e-01  0.000000 3.81395e-01  5.74117e-01  1.05719e+00  1.28161e+00  
30    29    6.00000e-01  0.000000 3.91719e-01  5.81792e-01  1.05309e+00  1.27222e+00  
31    30    6.20000e-01  0.000000 4.01547e-01  5.88926e-01  1.04930e+00  1.26332e+00  
32    31    6.40000e-01  0.000000 4.10916e-01  5.95577e-01  1.04579e+00  1.25485e+00  
33    32    6.60000e-01  0.000000 4.19858e-01  6.01798e-01  1.04252e+00  1.24678e+00  
34    33    6.80000e-01  0.000000 4.28404e-01  6.07632e-01  1.03945e+00  1.23908e+00  
35    34    7.00000e-01  0.000000 4.36583e-01  6.13118e-01  1.03657e+00  1.23173e+00  
36    35    7.20000e-01  0.000000 4.44418e-01  6.18290e-01  1.03385e+00  1.22470e+00  
37    36    7.40000e-01  0.000000 4.51935e-01  6.23178e-01  1.03127e+00  1.21795e+00  
38    37    7.60000e-01  0.000000 4.59154e-01  6.27807e-01  1.02882e+00  1.21149e+00  
39    38    7.80000e-01  0.000000 4.66095e-01  6.32201e-01  1.02649e+00  1.20527e+00  
40    39    8.00000e-01  0.000000 4.72777e-01  6.36381e-01  1.02425e+00  1.19929e+00  
41    40    8.20000e-01  0.000000 4.79216e-01  6.40365e-01  1.02211e+00  1.19354e+00  
42    41    8.40000e-01  0.000000 4.85428e-01  6.44169e-01  1.02005e+00  1.18798e+00  
43    42    8.60000e-01  0.000000 4.91427e-01  6.47808e-01  1.01806e+00  1.18262e+00  
44    43    8.80000e-01  0.000000 4.97225e-01  6.51294e-01  1.01613e+00  1.17744e+00  
45    44    9.00000e-01  0.000000 5.02835e-01  6.54639e-01  1.01427e+00  1.17243e+00  
46    45    9.20000e-01  0.000000 5.08267e-01  6.57854e-01  1.01247e+00  1.16757e+00  
47    46    9.40000e-01  0.000000 5.13532e-01  6.60947e-01  1.01071e+00  1.16287e+00  
48    47    9.60000e-01  0.000000 5.18639e-01  6.63929e-01  1.00900e+00  1.15830e+00  
49    48    9.80000e-01  0.000000 5.23597e-01  6.66805e-01  1.00734e+00  1.15387e+00  
50    49    1.00000e+00  0.000000 5.28413e-01  6.69583e-01  1.00571e+00  1.14956e+00  
51    50    1.02000e+00  0.000000 5.33095e-01  6.72270e-01  1.00412e+00  1.14538e+00  
52    51    1.04000e+00  0.000000 5.37650e-01  6.74871e-01  1.00257e+00  1.14130e+00  
53    52    1.06000e+00  0.000000 5.42084e-01  6.77391e-01  1.00105e+00  1.13733e+00  
54    53    1.08000e+00  0.000000 5.46402e-01  6.79835e-01  9.99560e-01  1.13347e+00  
55    54    1.10000e+00  0.000000 5.50611e-01  6.82207e-01  9.98100e-01  1.12970e+00  
56    55    1.12000e+00  0.000000 5.54715e-01  6.84512e-01  9.96667e-01  1.12602e+00  
57    56    1.14000e+00  0.000000 5.58718e-01  6.86753e-01  9.95261e-01  1.12243e+00  
58    57    1.16000e+00  0.000000 5.62626e-01  6.88933e-01  9.93879e-01  1.11893e+00  
59    58    1.18000e+00  0.000000 5.66442e-01  6.91055e-01  9.92521e-01  1.11550e+00  
60    59    1.20000e+00  0.000000 5.70170e-01  6.93123e-01  9.91186e-01  1.11216e+00  
61    60    1.22000e+00  0.000000 5.73814e-01  6.95139e-01  9.89873e-01  1.10889e+00  
62    61    1.24000e+00  0.000000 5.77376e-01  6.97106e-01  9.88582e-01  1.10569e+00  
63    62    1.26000e+00  0.000000 5.80860e-01  6.99025e-01  9.87311e-01  1.10256e+00  
64    63    1.28000e+00  0.000000 5.84270e-01  7.00899e-01  9.86059e-01  1.09950e+00  
65    64    1.30000e+00  0.000000 5.87606e-01  7.02730e-01  9.84827e-01  1.09650e+00  
66    65    1.32000e+00  0.000000 5.90873e-01  7.04519e-01  9.83613e-01  1.09356e+00  
67    66    1.34000e+00  0.000000 5.94073e-01  7.06269e-01  9.82417e-01  1.09068e+00  
68    67    1.36000e+00  0.000000 5.97207e-01  7.07981e-01  9.81239e-01  1.08786e+00  
69    68    1.38000e+00  0.000000 6.00278e-01  7.09656e-01  9.80078e-01  1.08510e+00  
70    69    1.40000e+00  0.000000 6.03288e-01  7.11296e-01  9.78934e-01  1.08239e+00  
71    70    1.42000e+00  0.000000 6.06239e-01  7.12903e-01  9.77806e-01  1.07974e+00  
72    71    1.44000e+00  0.000000 6.09133e-01  7.14476e-01  9.76693e-01  1.07713e+00  
73    72    1.46000e+00  0.000000 6.11972e-01  7.16018e-01  9.75597e-01  1.07458e+00  
74    73    1.48000e+00  0.000000 6.14756e-01  7.17530e-01  9.74515e-01  1.07207e+00  
75    74    1.50000e+00  0.000000 6.17489e-01  7.19013e-01  9.73449e-01  1.06961e+00  
76    75    1.52000e+00  0.000000 6.20170e-01  7.20467e-01  9.72397e-01  1.06720e+00  
77    76    1.54000e+00  0.000000 6.22802e-01  7.21894e-01  9.71359e-01  1.06483e+00  
78    77    1.56000e+00  0.000000 6.25386e-01  7.23295e-01  9.70336e-01  1.06250e+00  
79    78    1.58000e+00  0.000000 6.27923e-01  7.24670e-01  9.69326e-01  1.06021e+00  
80    79    1.60000e+00  0.000000 6.30415e-01  7.26020e-01  9.68330e-01  1.05797e+00  
81    80    1.62000e+00  0.000000 6.32862e-01  7.27345e-01  9.67348e-01  1.05577e+00  
82    81    1.64000e+00  0.000000 6.35266e-01  7.28648e-01  9.66378e-01  1.05360e+00  
83    82    1.66000e+00  0.000000 6.37628e-01  7.29927e-01  9.65422e-01  1.05147e+00  
84    83    1.68000e+00  0.000000 6.39949e-01  7.31185e-01  9.64478e-01  1.04939e+00  
85    84    1.70000e+00  0.000000 6.42230e-01  7.32421e-01  9.63546e-01  1.04733e+00  
86    85    1.72000e+00  0.000000 6.44472e-01  7.33636e-01  9.62627e-01  1.04531e+00  
87    86    1.74000e+00  0.000000 6.46676e-01  7.34831e-01  9.61720e-01  1.04333e+00  
88    87    1.76000e+00  0.000000 6.48842e-01  7.36006e-01  9.60825e-01  1.04138e+00  
89    88    1.78000e+00  0.000000 6.50972e-01  7.37162e-01  9.59941e-01  1.03947e+00  
90    89    1.80000e+00  0.000000 6.53066e-01  7.38299e-01  9.59069e-01  1.03758e+00  
91    90    1.82000e+00  0.000000 6.55126e-01  7.39418e-01  9.58209e-01  1.03573e+00  
92    91    1.84000e+00  0.000000 6.57151e-01  7.40519e-01  9.57360e-01  1.03391e+00  
93    92    1.86000e+00  0.000000 6.59144e-01  7.41602e-01  9.56521e-01  1.03212e+00  
94    93    1.88000e+00  0.000000 6.61103e-01  7.42669e-01  9.55694e-01  1.03036e+00  
95    94    1.90000e+00  0.000000 6.63031e-01  7.43718e-01  9.54877e-01  1.02863e+00  
96    95    1.92000e+00  0.000000 6.64928e-01  7.44752e-01  9.54071e-01  1.02692e+00  
97    96    1.94000e+00  0.000000 6.66795e-01  7.45770e-01  9.53276e-01  1.02525e+00  
98    97    1.96000e+00  0.000000 6.68631e-01  7.46773e-01  9.52490e-01  1.02360e+00  
99    98    1.98000e+00  0.000000 6.70438e-01  7.47760e-01  9.51715e-01  1.02198e+00  
100   99    2.00000e+00  0.000000 6.72217e-01  7.48732e-01  9.50950e-01  1.02038e+00  
