# node length dat(ds)
3685       0.00000e+00  1.20289e+00 
3687       1.47059e+00  1.16420e+00 
3693       2.94118e+00  1.06937e+00 
3699       4.41176e+00  9.94367e-01 
3705       5.88235e+00  9.62452e-01 
3711       7.35294e+00  9.50950e-01 
3717       8.82353e+00  9.46738e-01 
3723       1.02941e+01  9.48804e-01 
3729       1.17647e+01  9.64847e-01 
3735       1.32353e+01  9.99718e-01 
3741       1.47059e+01  1.02038e+00 
3747       1.61765e+01  9.89179e-01 
3753       1.76471e+01  9.51555e-01 
3759       1.91176e+01  9.35994e-01 
3765       2.05882e+01  9.30090e-01 
3771       2.20588e+01  9.26341e-01 
3777       2.35294e+01  9.23685e-01 
3783       2.50000e+01  9.21749e-01 
3789       2.64706e+01  9.20713e-01 
3795       2.79412e+01  9.20087e-01 
3801       2.94118e+01  9.19729e-01 
3807       3.08824e+01  9.19716e-01 
3813       3.23529e+01  9.20090e-01 
3819       3.38235e+01  9.20936e-01 
3825       3.52941e+01  9.22403e-01 
3831       3.67647e+01  9.24723e-01 
3837       3.82353e+01  9.28240e-01 
3843       3.97059e+01  9.33542e-01 
3849       4.11765e+01  9.41779e-01 
3855       4.26471e+01  9.54771e-01 
3861       4.41176e+01  9.85052e-01 
3867       4.55882e+01  1.06415e+00 
3873       4.70588e+01  1.18402e+00 
3879       4.85294e+01  1.27593e+00 
3885       5.00000e+01  1.30637e+00 
