SUMMARY OF C0NVERGENCE INFORMATION
  STEP   INC  ATT   ITER     CONT.   RESID.        CORR.      RESID.      CORR.
                              EL.    FORCE         DISP       FLUX        TEMP.
                              (#)     (%)           (%)        (%)         (%)
     1     1     1     1        0  0.0000E+00  0.0000E+00  0.0000E+00  0.1000E-29
     1     2     1     1        0  0.0000E+00  0.0000E+00  0.1181E+04  0.1000E+03
     1     2     1     2        0  0.0000E+00  0.0000E+00  0.0000E+00  0.2340E-12
     1     3     1     1        0  0.0000E+00  0.0000E+00  0.1073E+04  0.1000E+03
     1     3     1     2        0  0.0000E+00  0.0000E+00  0.0000E+00  0.3672E-12
     1     4     1     1        0  0.0000E+00  0.0000E+00  0.9953E+03  0.1000E+03
     1     4     1     2        0  0.0000E+00  0.0000E+00  0.0000E+00  0.5248E-12
     1     5     1     1        0  0.0000E+00  0.0000E+00  0.9458E+03  0.1000E+03
     1     5     1     2        0  0.0000E+00  0.0000E+00  0.0000E+00  0.6393E-12
     1     6     1     1        0  0.0000E+00  0.0000E+00  0.9134E+03  0.1000E+03
     1     6     1     2        0  0.0000E+00  0.0000E+00  0.0000E+00  0.5803E-12
     1     7     1     1        0  0.0000E+00  0.0000E+00  0.8905E+03  0.1000E+03
     1     7     1     2        0  0.0000E+00  0.0000E+00  0.0000E+00  0.6975E-12
     1     8     1     1        0  0.0000E+00  0.0000E+00  0.8731E+03  0.1000E+03
     1     8     1     2        0  0.0000E+00  0.0000E+00  0.0000E+00  0.6212E-12
     1     9     1     1        0  0.0000E+00  0.0000E+00  0.8591E+03  0.1000E+03
     1     9     1     2        0  0.0000E+00  0.0000E+00  0.0000E+00  0.6101E-12
     1    10     1     1        0  0.0000E+00  0.0000E+00  0.8473E+03  0.1000E+03
     1    10     1     2        0  0.0000E+00  0.0000E+00  0.0000E+00  0.7138E-12
     1    11     1     1        0  0.0000E+00  0.0000E+00  0.5004E+03  0.1000E+03
     1    11     1     2        0  0.0000E+00  0.0000E+00  0.0000E+00  0.3110E-12
     1    12     1     1        0  0.0000E+00  0.0000E+00  0.2536E+03  0.1000E+03
     1    12     1     2        0  0.0000E+00  0.0000E+00  0.0000E+00  0.2935E-12
     1    13     1     1        0  0.0000E+00  0.0000E+00  0.2010E+03  0.1000E+03
     1    13     1     2        0  0.0000E+00  0.0000E+00  0.0000E+00  0.4099E-12
     1    14     1     1        0  0.0000E+00  0.0000E+00  0.1945E+03  0.1000E+03
     1    14     1     2        0  0.0000E+00  0.0000E+00  0.0000E+00  0.8259E-12
     1    15     1     1        0  0.0000E+00  0.0000E+00  0.1845E+03  0.1000E+03
     1    15     1     2        0  0.0000E+00  0.0000E+00  0.0000E+00  0.9304E-12
     1    16     1     1        0  0.0000E+00  0.0000E+00  0.1730E+03  0.1000E+03
     1    16     1     2        0  0.0000E+00  0.0000E+00  0.0000E+00  0.1086E-11
     1    17     1     1        0  0.0000E+00  0.0000E+00  0.1616E+03  0.1000E+03
     1    17     1     2        0  0.0000E+00  0.0000E+00  0.0000E+00  0.1342E-11
     1    18     1     1        0  0.0000E+00  0.0000E+00  0.1508E+03  0.1000E+03
     1    18     1     2        0  0.0000E+00  0.0000E+00  0.0000E+00  0.1495E-11
     1    19     1     1        0  0.0000E+00  0.0000E+00  0.1409E+03  0.1000E+03
     1    19     1     2        0  0.0000E+00  0.0000E+00  0.0000E+00  0.1374E-11
     1    20     1     1        0  0.0000E+00  0.0000E+00  0.1331E+03  0.1000E+03
     1    20     1     2        0  0.0000E+00  0.0000E+00  0.0000E+00  0.1486E-11
     1    21     1     1        0  0.0000E+00  0.0000E+00  0.1284E+03  0.1000E+03
     1    21     1     2        0  0.0000E+00  0.0000E+00  0.0000E+00  0.1623E-11
     1    22     1     1        0  0.0000E+00  0.0000E+00  0.1255E+03  0.1000E+03
     1    22     1     2        0  0.0000E+00  0.0000E+00  0.0000E+00  0.1701E-11
     1    23     1     1        0  0.0000E+00  0.0000E+00  0.1233E+03  0.1000E+03
     1    23     1     2        0  0.0000E+00  0.0000E+00  0.0000E+00  0.1917E-11
     1    24     1     1        0  0.0000E+00  0.0000E+00  0.1213E+03  0.1000E+03
     1    24     1     2        0  0.0000E+00  0.0000E+00  0.0000E+00  0.1803E-11
     1    25     1     1        0  0.0000E+00  0.0000E+00  0.1208E+03  0.1000E+03
     1    25     1     2        0  0.0000E+00  0.0000E+00  0.0000E+00  0.1888E-11
     1    26     1     1        0  0.0000E+00  0.0000E+00  0.1234E+03  0.1000E+03
     1    26     1     2        0  0.0000E+00  0.0000E+00  0.0000E+00  0.2071E-11
     1    27     1     1        0  0.0000E+00  0.0000E+00  0.1267E+03  0.1000E+03
     1    27     1     2        0  0.0000E+00  0.0000E+00  0.0000E+00  0.2088E-11
     1    28     1     1        0  0.0000E+00  0.0000E+00  0.1297E+03  0.1000E+03
     1    28     1     2        0  0.0000E+00  0.0000E+00  0.0000E+00  0.2540E-11
     1    29     1     1        0  0.0000E+00  0.0000E+00  0.1324E+03  0.1000E+03
     1    29     1     2        0  0.0000E+00  0.0000E+00  0.0000E+00  0.2077E-11
     1    30     1     1        0  0.0000E+00  0.0000E+00  0.1348E+03  0.1000E+03
     1    30     1     2        0  0.0000E+00  0.0000E+00  0.0000E+00  0.2372E-11
     1    31     1     1        0  0.0000E+00  0.0000E+00  0.1369E+03  0.1000E+03
     1    31     1     2        0  0.0000E+00  0.0000E+00  0.0000E+00  0.2309E-11
     1    32     1     1        0  0.0000E+00  0.0000E+00  0.1389E+03  0.1000E+03
     1    32     1     2        0  0.0000E+00  0.0000E+00  0.0000E+00  0.3147E-11
     1    33     1     1        0  0.0000E+00  0.0000E+00  0.1406E+03  0.1000E+03
     1    33     1     2        0  0.0000E+00  0.0000E+00  0.0000E+00  0.2098E-11
     1    34     1     1        0  0.0000E+00  0.0000E+00  0.1421E+03  0.1000E+03
     1    34     1     2        0  0.0000E+00  0.0000E+00  0.0000E+00  0.2246E-11
     1    35     1     1        0  0.0000E+00  0.0000E+00  0.1435E+03  0.1000E+03
     1    35     1     2        0  0.0000E+00  0.0000E+00  0.0000E+00  0.2128E-11
     1    36     1     1        0  0.0000E+00  0.0000E+00  0.1446E+03  0.1000E+03
     1    36     1     2        0  0.0000E+00  0.0000E+00  0.0000E+00  0.2054E-11
     1    37     1     1        0  0.0000E+00  0.0000E+00  0.1456E+03  0.1000E+03
     1    37     1     2        0  0.0000E+00  0.0000E+00  0.0000E+00  0.2167E-11
     1    38     1     1        0  0.0000E+00  0.0000E+00  0.1465E+03  0.1000E+03
     1    38     1     2        0  0.0000E+00  0.0000E+00  0.0000E+00  0.2720E-11
     1    39     1     1        0  0.0000E+00  0.0000E+00  0.1472E+03  0.1000E+03
     1    39     1     2        0  0.0000E+00  0.0000E+00  0.0000E+00  0.2375E-11
     1    40     1     1        0  0.0000E+00  0.0000E+00  0.1477E+03  0.1000E+03
     1    40     1     2        0  0.0000E+00  0.0000E+00  0.0000E+00  0.2674E-11
     1    41     1     1        0  0.0000E+00  0.0000E+00  0.1482E+03  0.1000E+03
     1    41     1     2        0  0.0000E+00  0.0000E+00  0.0000E+00  0.2313E-11
     1    42     1     1        0  0.0000E+00  0.0000E+00  0.1485E+03  0.1000E+03
     1    42     1     2        0  0.0000E+00  0.0000E+00  0.0000E+00  0.2233E-11
     1    43     1     1        0  0.0000E+00  0.0000E+00  0.1487E+03  0.1000E+03
     1    43     1     2        0  0.0000E+00  0.0000E+00  0.0000E+00  0.2150E-11
     1    44     1     1        0  0.0000E+00  0.0000E+00  0.1488E+03  0.1000E+03
     1    44     1     2        0  0.0000E+00  0.0000E+00  0.0000E+00  0.2397E-11
     1    45     1     1        0  0.0000E+00  0.0000E+00  0.1489E+03  0.1000E+03
     1    45     1     2        0  0.0000E+00  0.0000E+00  0.0000E+00  0.2443E-11
     1    46     1     1        0  0.0000E+00  0.0000E+00  0.1488E+03  0.1000E+03
     1    46     1     2        0  0.0000E+00  0.0000E+00  0.0000E+00  0.2621E-11
     1    47     1     1        0  0.0000E+00  0.0000E+00  0.1487E+03  0.1000E+03
     1    47     1     2        0  0.0000E+00  0.0000E+00  0.0000E+00  0.3096E-11
     1    48     1     1        0  0.0000E+00  0.0000E+00  0.1484E+03  0.1000E+03
     1    48     1     2        0  0.0000E+00  0.0000E+00  0.0000E+00  0.3539E-11
     1    49     1     1        0  0.0000E+00  0.0000E+00  0.1481E+03  0.1000E+03
     1    49     1     2        0  0.0000E+00  0.0000E+00  0.0000E+00  0.2797E-11
     1    50     1     1        0  0.0000E+00  0.0000E+00  0.1478E+03  0.1000E+03
     1    50     1     2        0  0.0000E+00  0.0000E+00  0.0000E+00  0.2880E-11
     1    51     1     1        0  0.0000E+00  0.0000E+00  0.1474E+03  0.1000E+03
     1    51     1     2        0  0.0000E+00  0.0000E+00  0.0000E+00  0.2610E-11
     1    52     1     1        0  0.0000E+00  0.0000E+00  0.1469E+03  0.1000E+03
     1    52     1     2        0  0.0000E+00  0.0000E+00  0.0000E+00  0.3013E-11
     1    53     1     1        0  0.0000E+00  0.0000E+00  0.1463E+03  0.1000E+03
     1    53     1     2        0  0.0000E+00  0.0000E+00  0.0000E+00  0.3068E-11
     1    54     1     1        0  0.0000E+00  0.0000E+00  0.1458E+03  0.1000E+03
     1    54     1     2        0  0.0000E+00  0.0000E+00  0.0000E+00  0.3177E-11
     1    55     1     1        0  0.0000E+00  0.0000E+00  0.1451E+03  0.1000E+03
     1    55     1     2        0  0.0000E+00  0.0000E+00  0.0000E+00  0.2802E-11
     1    56     1     1        0  0.0000E+00  0.0000E+00  0.1444E+03  0.1000E+03
     1    56     1     2        0  0.0000E+00  0.0000E+00  0.0000E+00  0.3007E-11
     1    57     1     1        0  0.0000E+00  0.0000E+00  0.1438E+03  0.1000E+03
     1    57     1     2        0  0.0000E+00  0.0000E+00  0.0000E+00  0.3102E-11
     1    58     1     1        0  0.0000E+00  0.0000E+00  0.1435E+03  0.1000E+03
     1    58     1     2        0  0.0000E+00  0.0000E+00  0.0000E+00  0.2939E-11
     1    59     1     1        0  0.0000E+00  0.0000E+00  0.1431E+03  0.1000E+03
     1    59     1     2        0  0.0000E+00  0.0000E+00  0.0000E+00  0.3159E-11
     1    60     1     1        0  0.0000E+00  0.0000E+00  0.1427E+03  0.1000E+03
     1    60     1     2        0  0.0000E+00  0.0000E+00  0.0000E+00  0.3109E-11
     1    61     1     1        0  0.0000E+00  0.0000E+00  0.1422E+03  0.1000E+03
     1    61     1     2        0  0.0000E+00  0.0000E+00  0.0000E+00  0.3421E-11
     1    62     1     1        0  0.0000E+00  0.0000E+00  0.1417E+03  0.1000E+03
     1    62     1     2        0  0.0000E+00  0.0000E+00  0.0000E+00  0.4046E-11
     1    63     1     1        0  0.0000E+00  0.0000E+00  0.1412E+03  0.1000E+03
     1    63     1     2        0  0.0000E+00  0.0000E+00  0.0000E+00  0.3558E-11
     1    64     1     1        0  0.0000E+00  0.0000E+00  0.1406E+03  0.1000E+03
     1    64     1     2        0  0.0000E+00  0.0000E+00  0.0000E+00  0.3142E-11
     1    65     1     1        0  0.0000E+00  0.0000E+00  0.1400E+03  0.1000E+03
     1    65     1     2        0  0.0000E+00  0.0000E+00  0.0000E+00  0.4172E-11
     1    66     1     1        0  0.0000E+00  0.0000E+00  0.1394E+03  0.1000E+03
     1    66     1     2        0  0.0000E+00  0.0000E+00  0.0000E+00  0.3525E-11
     1    67     1     1        0  0.0000E+00  0.0000E+00  0.1387E+03  0.1000E+03
     1    67     1     2        0  0.0000E+00  0.0000E+00  0.0000E+00  0.3503E-11
     1    68     1     1        0  0.0000E+00  0.0000E+00  0.1380E+03  0.1000E+03
     1    68     1     2        0  0.0000E+00  0.0000E+00  0.0000E+00  0.3691E-11
     1    69     1     1        0  0.0000E+00  0.0000E+00  0.1373E+03  0.1000E+03
     1    69     1     2        0  0.0000E+00  0.0000E+00  0.0000E+00  0.3540E-11
     1    70     1     1        0  0.0000E+00  0.0000E+00  0.1365E+03  0.1000E+03
     1    70     1     2        0  0.0000E+00  0.0000E+00  0.0000E+00  0.3562E-11
     1    71     1     1        0  0.0000E+00  0.0000E+00  0.1357E+03  0.1000E+03
     1    71     1     2        0  0.0000E+00  0.0000E+00  0.0000E+00  0.4389E-11
     1    72     1     1        0  0.0000E+00  0.0000E+00  0.1349E+03  0.1000E+03
     1    72     1     2        0  0.0000E+00  0.0000E+00  0.0000E+00  0.3707E-11
     1    73     1     1        0  0.0000E+00  0.0000E+00  0.1341E+03  0.1000E+03
     1    73     1     2        0  0.0000E+00  0.0000E+00  0.0000E+00  0.4135E-11
     1    74     1     1        0  0.0000E+00  0.0000E+00  0.1333E+03  0.1000E+03
     1    74     1     2        0  0.0000E+00  0.0000E+00  0.0000E+00  0.4478E-11
     1    75     1     1        0  0.0000E+00  0.0000E+00  0.1324E+03  0.1000E+03
     1    75     1     2        0  0.0000E+00  0.0000E+00  0.0000E+00  0.4469E-11
     1    76     1     1        0  0.0000E+00  0.0000E+00  0.1315E+03  0.1000E+03
     1    76     1     2        0  0.0000E+00  0.0000E+00  0.0000E+00  0.3948E-11
     1    77     1     1        0  0.0000E+00  0.0000E+00  0.1306E+03  0.1000E+03
     1    77     1     2        0  0.0000E+00  0.0000E+00  0.0000E+00  0.4072E-11
     1    78     1     1        0  0.0000E+00  0.0000E+00  0.1297E+03  0.1000E+03
     1    78     1     2        0  0.0000E+00  0.0000E+00  0.0000E+00  0.4487E-11
     1    79     1     1        0  0.0000E+00  0.0000E+00  0.1288E+03  0.1000E+03
     1    79     1     2        0  0.0000E+00  0.0000E+00  0.0000E+00  0.4315E-11
     1    80     1     1        0  0.0000E+00  0.0000E+00  0.1279E+03  0.1000E+03
     1    80     1     2        0  0.0000E+00  0.0000E+00  0.0000E+00  0.4943E-11
     1    81     1     1        0  0.0000E+00  0.0000E+00  0.1276E+03  0.1000E+03
     1    81     1     2        0  0.0000E+00  0.0000E+00  0.0000E+00  0.5096E-11
     1    82     1     1        0  0.0000E+00  0.0000E+00  0.1272E+03  0.1000E+03
     1    82     1     2        0  0.0000E+00  0.0000E+00  0.0000E+00  0.4876E-11
     1    83     1     1        0  0.0000E+00  0.0000E+00  0.1267E+03  0.1000E+03
     1    83     1     2        0  0.0000E+00  0.0000E+00  0.0000E+00  0.4921E-11
     1    84     1     1        0  0.0000E+00  0.0000E+00  0.1263E+03  0.1000E+03
     1    84     1     2        0  0.0000E+00  0.0000E+00  0.0000E+00  0.4584E-11
     1    85     1     1        0  0.0000E+00  0.0000E+00  0.1259E+03  0.1000E+03
     1    85     1     2        0  0.0000E+00  0.0000E+00  0.0000E+00  0.6564E-11
     1    86     1     1        0  0.0000E+00  0.0000E+00  0.1254E+03  0.1000E+03
     1    86     1     2        0  0.0000E+00  0.0000E+00  0.0000E+00  0.5024E-11
     1    87     1     1        0  0.0000E+00  0.0000E+00  0.1249E+03  0.1000E+03
     1    87     1     2        0  0.0000E+00  0.0000E+00  0.0000E+00  0.5111E-11
     1    88     1     1        0  0.0000E+00  0.0000E+00  0.1244E+03  0.1000E+03
     1    88     1     2        0  0.0000E+00  0.0000E+00  0.0000E+00  0.5207E-11
     1    89     1     1        0  0.0000E+00  0.0000E+00  0.1239E+03  0.1000E+03
     1    89     1     2        0  0.0000E+00  0.0000E+00  0.0000E+00  0.4785E-11
     1    90     1     1        0  0.0000E+00  0.0000E+00  0.1233E+03  0.1000E+03
     1    90     1     2        0  0.0000E+00  0.0000E+00  0.0000E+00  0.4907E-11
     1    91     1     1        0  0.0000E+00  0.0000E+00  0.1228E+03  0.1000E+03
     1    91     1     2        0  0.0000E+00  0.0000E+00  0.0000E+00  0.5904E-11
     1    92     1     1        0  0.0000E+00  0.0000E+00  0.1222E+03  0.1000E+03
     1    92     1     2        0  0.0000E+00  0.0000E+00  0.0000E+00  0.5079E-11
     1    93     1     1        0  0.0000E+00  0.0000E+00  0.1217E+03  0.1000E+03
     1    93     1     2        0  0.0000E+00  0.0000E+00  0.0000E+00  0.6106E-11
     1    94     1     1        0  0.0000E+00  0.0000E+00  0.1211E+03  0.1000E+03
     1    94     1     2        0  0.0000E+00  0.0000E+00  0.0000E+00  0.6106E-11
     1    95     1     1        0  0.0000E+00  0.0000E+00  0.1208E+03  0.1000E+03
     1    95     1     2        0  0.0000E+00  0.0000E+00  0.0000E+00  0.6084E-11
     1    96     1     1        0  0.0000E+00  0.0000E+00  0.1205E+03  0.1000E+03
     1    96     1     2        0  0.0000E+00  0.0000E+00  0.0000E+00  0.5621E-11
     1    97     1     1        0  0.0000E+00  0.0000E+00  0.1202E+03  0.1000E+03
     1    97     1     2        0  0.0000E+00  0.0000E+00  0.0000E+00  0.5939E-11
     1    98     1     1        0  0.0000E+00  0.0000E+00  0.1198E+03  0.1000E+03
     1    98     1     2        0  0.0000E+00  0.0000E+00  0.0000E+00  0.6117E-11
     1    99     1     1        0  0.0000E+00  0.0000E+00  0.1195E+03  0.1000E+03
     1    99     1     2        0  0.0000E+00  0.0000E+00  0.0000E+00  0.5643E-11
     1   100     1     1        0  0.0000E+00  0.0000E+00  0.1191E+03  0.1000E+03
     1   100     1     2        0  0.0000E+00  0.0000E+00  0.0000E+00  0.6837E-11
