SUMMARY OF C0NVERGENCE INFORMATION
  STEP   INC  ATT   ITER     CONT.   RESID.        CORR.      RESID.      CORR.
                              EL.    FORCE         DISP       FLUX        TEMP.
                              (#)     (%)           (%)        (%)         (%)
     1     1     1     1      110  0.2999E+08  0.1000E+03  0.0000E+00  0.0000E+00
     1     1     1     2      110  0.1421E+06  0.2885E+02  0.0000E+00  0.0000E+00
     1     1     1     3      110  0.6365E+05  0.6175E+01  0.0000E+00  0.0000E+00
     1     1     1     4      110  0.1275E+03  0.3852E-01  0.0000E+00  0.0000E+00
     1     1     1     5      110  0.2068E+02  0.9918E-03  0.0000E+00  0.0000E+00
     1     1     1     6      110  0.1549E+01  0.3015E-03  0.0000E+00  0.0000E+00
     1     2     1     1      110  0.4325E+01  0.4581E-02  0.0000E+00  0.0000E+00
     1     2     1     2      110  0.3576E+00  0.1905E-02  0.0000E+00  0.0000E+00
     1     3     1     1      110  0.2299E+02  0.4556E-02  0.0000E+00  0.0000E+00
     1     3     1     2      110  0.1575E+02  0.3738E-02  0.0000E+00  0.0000E+00
     1     3     1     3      110  0.3846E+01  0.1697E-01  0.0000E+00  0.0000E+00
     1     4     1     1      110  0.4235E+02  0.7686E-01  0.0000E+00  0.0000E+00
     1     4     1     2      110  0.2157E+02  0.4047E-01  0.0000E+00  0.0000E+00
     1     4     1     3      110  0.3084E+01  0.3096E-01  0.0000E+00  0.0000E+00
     1     5     1     1      110  0.6384E+02  0.5621E-01  0.0000E+00  0.0000E+00
     1     5     1     2      110  0.3273E+02  0.1275E+00  0.0000E+00  0.0000E+00
     1     5     1     3      110  0.4401E+01  0.4886E-02  0.0000E+00  0.0000E+00
     1     6     1     1      110  0.6182E+03  0.5228E-01  0.0000E+00  0.0000E+00
     1     6     1     2      110  0.9415E+04  0.1097E+00  0.0000E+00  0.0000E+00
     1     6     1     3      110  0.2723E+04  0.6004E-01  0.0000E+00  0.0000E+00
     1     6     1     4      110  0.9334E+01  0.4536E-02  0.0000E+00  0.0000E+00
     1     6     1     5      110  0.3001E+01  0.5876E-03  0.0000E+00  0.0000E+00
     1     7     1     1      110  0.2126E+05  0.3456E-01  0.0000E+00  0.0000E+00
     1     7     1     2      110  0.7721E+03  0.7613E-01  0.0000E+00  0.0000E+00
     1     7     1     3      110  0.4889E+02  0.7324E-02  0.0000E+00  0.0000E+00
     1     7     1     4      110  0.1812E+02  0.3179E-02  0.0000E+00  0.0000E+00
     1     7     1     5      110  0.1214E+02  0.1652E-02  0.0000E+00  0.0000E+00
     1     7     1     6      110  0.1661E+02  0.2469E-02  0.0000E+00  0.0000E+00
     1     7     1     7      110  0.5459E+01  0.9779E-04  0.0000E+00  0.0000E+00
     1     7     1     8      110  0.1784E+01  0.5398E-04  0.0000E+00  0.0000E+00
     1     8     1     1      110  0.2374E+03  0.7468E-01  0.0000E+00  0.0000E+00
     1     8     1     2      110  0.2481E+06  0.2461E+00  0.0000E+00  0.0000E+00
     1     8     1     3      110  0.2485E+03  0.3040E-01  0.0000E+00  0.0000E+00
     1     8     1     4      110  0.8226E+02  0.1528E-01  0.0000E+00  0.0000E+00
     1     8     1     5      110  0.3248E+02  0.9028E-02  0.0000E+00  0.0000E+00
     1     8     1     6      110  0.1524E+02  0.6941E-04  0.0000E+00  0.0000E+00
     1     8     1     7      110  0.7443E+01  0.1336E-03  0.0000E+00  0.0000E+00
     1     8     1     8      110  0.2995E+01  0.2479E-03  0.0000E+00  0.0000E+00
     1     9     1     1      110  0.2312E+03  0.2896E-01  0.0000E+00  0.0000E+00
     1     9     1     2      110  0.8183E+02  0.1072E-01  0.0000E+00  0.0000E+00
     1     9     1     3      110  0.6752E+02  0.1114E-02  0.0000E+00  0.0000E+00
     1     9     1     4      110  0.4230E+02  0.5440E-01  0.0000E+00  0.0000E+00
     1     9     1     5      110  0.3444E+00  0.9853E-01  0.0000E+00  0.0000E+00
     1    10     1     1      110  0.2252E+03  0.1957E+00  0.0000E+00  0.0000E+00
     1    10     1     2      110  0.5363E+02  0.5598E-03  0.0000E+00  0.0000E+00
     1    10     1     3      110  0.2002E+02  0.4024E-02  0.0000E+00  0.0000E+00
     1    10     1     4      110  0.6125E+01  0.6041E-02  0.0000E+00  0.0000E+00
     1    10     1     5      110  0.3337E+01  0.2400E-03  0.0000E+00  0.0000E+00
     1    11     1     1      110  0.7259E+04  0.6116E-01  0.0000E+00  0.0000E+00
     1    11     1     2      110  0.1850E+03  0.9447E-02  0.0000E+00  0.0000E+00
     1    11     1     3      110  0.5140E+02  0.2198E-01  0.0000E+00  0.0000E+00
     1    11     1     4      110  0.1448E+02  0.4833E-03  0.0000E+00  0.0000E+00
     1    11     1     5      110  0.2474E+01  0.1349E-04  0.0000E+00  0.0000E+00
     1    12     1     1      110  0.1720E+03  0.1607E-01  0.0000E+00  0.0000E+00
     1    12     1     2      110  0.5750E+02  0.3955E-03  0.0000E+00  0.0000E+00
     1    12     1     3      110  0.2065E+02  0.1968E-02  0.0000E+00  0.0000E+00
     1    12     1     4      110  0.5382E+01  0.6852E-02  0.0000E+00  0.0000E+00
     1    12     1     5      110  0.7527E+00  0.4397E-03  0.0000E+00  0.0000E+00
     1    13     1     1      110  0.1607E+03  0.2016E-01  0.0000E+00  0.0000E+00
     1    13     1     2      110  0.4052E+02  0.6125E-02  0.0000E+00  0.0000E+00
     1    13     1     3      110  0.2268E+02  0.5910E-02  0.0000E+00  0.0000E+00
     1    13     1     4      110  0.5093E+00  0.9206E-02  0.0000E+00  0.0000E+00
     1    14     1     1      110  0.6153E+02  0.3248E-01  0.0000E+00  0.0000E+00
     1    14     1     2      110  0.6147E+01  0.2623E-03  0.0000E+00  0.0000E+00
     1    14     1     3      110  0.1810E+00  0.1147E-04  0.0000E+00  0.0000E+00
     1    15     1     1      110  0.1096E+03  0.2010E-02  0.0000E+00  0.0000E+00
     1    15     1     2      110  0.3735E+02  0.2026E-02  0.0000E+00  0.0000E+00
     1    15     1     3      110  0.3518E+01  0.7811E-02  0.0000E+00  0.0000E+00
     1    16     1     1      110  0.1793E+03  0.8752E-02  0.0000E+00  0.0000E+00
     1    16     1     2      110  0.9887E+02  0.8598E-02  0.0000E+00  0.0000E+00
     1    16     1     3      110  0.9331E+02  0.1255E-01  0.0000E+00  0.0000E+00
     1    16     1     4      110  0.1091E+02  0.3184E-01  0.0000E+00  0.0000E+00
     1    16     1     5      110  0.1867E+01  0.4416E-04  0.0000E+00  0.0000E+00
     1    17     1     1      110  0.2594E+03  0.4873E-01  0.0000E+00  0.0000E+00
     1    17     1     2      110  0.1355E+03  0.1905E-02  0.0000E+00  0.0000E+00
     1    17     1     3      110  0.6907E+05  0.1087E+00  0.0000E+00  0.0000E+00
     1    17     1     4      110  0.5864E+03  0.9171E-02  0.0000E+00  0.0000E+00
     1    17     2     1      110  0.3957E+02  0.4876E-01  0.0000E+00  0.0000E+00
     1    17     2     2      110  0.1611E+02  0.1000E-02  0.0000E+00  0.0000E+00
     1    17     2     3      110  0.1288E+02  0.6504E-02  0.0000E+00  0.0000E+00
     1    17     2     4      110  0.3376E+00  0.4206E-01  0.0000E+00  0.0000E+00
     1    18     1     1      110  0.7906E+01  0.8922E-01  0.0000E+00  0.0000E+00
     1    18     1     2      110  0.4496E+00  0.3366E-03  0.0000E+00  0.0000E+00
     1    19     1     1      110  0.5829E+03  0.2342E-01  0.0000E+00  0.0000E+00
     1    19     1     2      110  0.3706E+03  0.2557E-03  0.0000E+00  0.0000E+00
     1    19     1     3      110  0.3126E+03  0.6635E-03  0.0000E+00  0.0000E+00
     1    19     1     4      110  0.3507E+03  0.8215E-02  0.0000E+00  0.0000E+00
     1    19     1     5      110  0.8110E+02  0.4814E-03  0.0000E+00  0.0000E+00
     1    19     1     6      110  0.1303E+02  0.2224E-04  0.0000E+00  0.0000E+00
     1    19     1     7      110  0.5602E+00  0.3855E-05  0.0000E+00  0.0000E+00
     1    20     1     1      110  0.3261E+02  0.3492E-02  0.0000E+00  0.0000E+00
     1    20     1     2      110  0.9886E+01  0.4674E-03  0.0000E+00  0.0000E+00
     1    20     1     3      110  0.5707E+01  0.2163E-02  0.0000E+00  0.0000E+00
     1    20     1     4      110  0.1783E+00  0.3950E-02  0.0000E+00  0.0000E+00
     1    21     1     1      110  0.2413E+03  0.1828E-01  0.0000E+00  0.0000E+00
     1    21     1     2      110  0.8859E+02  0.2094E-02  0.0000E+00  0.0000E+00
     1    21     1     3      110  0.5606E+02  0.7651E-02  0.0000E+00  0.0000E+00
     1    21     1     4      110  0.2288E+02  0.6622E-03  0.0000E+00  0.0000E+00
     1    21     1     5      110  0.9034E+01  0.1556E-03  0.0000E+00  0.0000E+00
     1    21     1     6      110  0.2947E+01  0.1457E-03  0.0000E+00  0.0000E+00
     1    22     1     1      110  0.3845E+03  0.1101E-01  0.0000E+00  0.0000E+00
     1    22     1     2      110  0.1327E+03  0.6947E-03  0.0000E+00  0.0000E+00
     1    22     1     3      110  0.4925E+02  0.2193E-03  0.0000E+00  0.0000E+00
     1    22     1     4      110  0.1646E+02  0.6986E-04  0.0000E+00  0.0000E+00
     1    22     1     5      110  0.3843E+01  0.4614E-04  0.0000E+00  0.0000E+00
     1    23     1     1      110  0.1528E+03  0.2164E-02  0.0000E+00  0.0000E+00
     1    23     1     2      110  0.5331E+02  0.8676E-04  0.0000E+00  0.0000E+00
     1    23     1     3      110  0.1585E+02  0.5665E-04  0.0000E+00  0.0000E+00
     1    23     1     4      110  0.2815E+01  0.2932E-04  0.0000E+00  0.0000E+00
     1    24     1     1      110  0.3168E+02  0.1270E-02  0.0000E+00  0.0000E+00
     1    24     1     2      110  0.3761E+01  0.5076E-04  0.0000E+00  0.0000E+00
     1    25     1     1      110  0.7357E+02  0.1775E-02  0.0000E+00  0.0000E+00
     1    25     1     2      110  0.2400E+02  0.2938E-02  0.0000E+00  0.0000E+00
     1    25     1     3      110  0.1600E+02  0.3391E-03  0.0000E+00  0.0000E+00
     1    25     1     4      110  0.1335E+02  0.2210E-02  0.0000E+00  0.0000E+00
     1    25     1     5      110  0.1852E+01  0.3288E-01  0.0000E+00  0.0000E+00
     1    26     1     1      110  0.1060E+03  0.1517E+00  0.0000E+00  0.0000E+00
     1    26     1     2      110  0.8508E+03  0.1012E-01  0.0000E+00  0.0000E+00
     1    26     1     3      110  0.1481E+03  0.1004E-03  0.0000E+00  0.0000E+00
     1    26     1     4      110  0.4621E+02  0.2294E-04  0.0000E+00  0.0000E+00
     1    26     1     5      110  0.1265E+02  0.1665E-04  0.0000E+00  0.0000E+00
     1    26     1     6      110  0.1959E+01  0.8944E-05  0.0000E+00  0.0000E+00
     1    27     1     1      110  0.1788E+03  0.2708E-01  0.0000E+00  0.0000E+00
     1    27     1     2      110  0.5634E+02  0.1589E-03  0.0000E+00  0.0000E+00
     1    27     1     3      110  0.1714E+02  0.1374E-03  0.0000E+00  0.0000E+00
     1    27     1     4      110  0.3555E+01  0.3576E-04  0.0000E+00  0.0000E+00
     1    28     1     1      110  0.1509E+03  0.1947E-01  0.0000E+00  0.0000E+00
     1    28     1     2      110  0.3328E+02  0.1847E-03  0.0000E+00  0.0000E+00
     1    28     1     3      110  0.4226E+01  0.9200E-05  0.0000E+00  0.0000E+00
     1    29     1     1      110  0.4070E+03  0.5152E-02  0.0000E+00  0.0000E+00
     1    29     1     2      110  0.1408E+03  0.2276E-02  0.0000E+00  0.0000E+00
     1    29     1     3      110  0.5581E+02  0.2204E-02  0.0000E+00  0.0000E+00
     1    29     1     4      110  0.2257E+02  0.2592E-03  0.0000E+00  0.0000E+00
     1    29     1     5      110  0.8823E+01  0.4912E-04  0.0000E+00  0.0000E+00
     1    29     1     6      110  0.2896E+01  0.4967E-04  0.0000E+00  0.0000E+00
     1    30     1     1      110  0.3865E+03  0.9456E-02  0.0000E+00  0.0000E+00
     1    30     1     2      110  0.1295E+03  0.1488E-02  0.0000E+00  0.0000E+00
     1    30     1     3      110  0.4174E+02  0.5827E-02  0.0000E+00  0.0000E+00
     1    30     1     4      110  0.1118E+02  0.1206E-04  0.0000E+00  0.0000E+00
     1    30     1     5      110  0.1493E+01  0.7757E-05  0.0000E+00  0.0000E+00
     1    31     1     1      110  0.9496E+03  0.8460E-02  0.0000E+00  0.0000E+00
     1    31     1     2      110  0.9557E+02  0.4782E-03  0.0000E+00  0.0000E+00
     1    31     1     3      110  0.2646E+02  0.1719E-04  0.0000E+00  0.0000E+00
     1    31     1     4      110  0.5120E+01  0.9674E-05  0.0000E+00  0.0000E+00
     1    31     1     5      110  0.3041E+00  0.5455E-05  0.0000E+00  0.0000E+00
     1    32     1     1      110  0.1776E+03  0.2886E-02  0.0000E+00  0.0000E+00
     1    32     1     2      110  0.6170E+02  0.6462E-04  0.0000E+00  0.0000E+00
     1    32     1     3      110  0.3837E+02  0.2614E-03  0.0000E+00  0.0000E+00
     1    32     1     4      110  0.8662E+01  0.8889E-03  0.0000E+00  0.0000E+00
     1    32     1     5      110  0.1608E+00  0.2785E-03  0.0000E+00  0.0000E+00
     1    33     1     1      110  0.1608E+03  0.2918E-02  0.0000E+00  0.0000E+00
     1    33     1     2      110  0.3217E+02  0.2181E-03  0.0000E+00  0.0000E+00
     1    33     1     3      110  0.2864E+01  0.2167E-03  0.0000E+00  0.0000E+00
     1    34     1     1      110  0.1976E+03  0.2895E-02  0.0000E+00  0.0000E+00
     1    34     1     2      110  0.7011E+02  0.7697E-04  0.0000E+00  0.0000E+00
     1    34     1     3      110  0.2775E+02  0.4053E-04  0.0000E+00  0.0000E+00
     1    34     1     4      110  0.1085E+02  0.4734E-04  0.0000E+00  0.0000E+00
     1    34     1     5      110  0.4334E+01  0.5402E-04  0.0000E+00  0.0000E+00
     1    35     1     1      110  0.1818E+03  0.2002E-01  0.0000E+00  0.0000E+00
     1    35     1     2      110  0.5540E+02  0.8460E-02  0.0000E+00  0.0000E+00
     1    35     1     3      110  0.2095E+02  0.7453E-02  0.0000E+00  0.0000E+00
     1    35     1     4      110  0.4678E+01  0.9476E-05  0.0000E+00  0.0000E+00
     1    36     1     1      110  0.1883E+03  0.4175E-02  0.0000E+00  0.0000E+00
     1    36     1     2      110  0.6553E+02  0.6566E-02  0.0000E+00  0.0000E+00
     1    36     1     3      110  0.2498E+02  0.2431E-03  0.0000E+00  0.0000E+00
     1    36     1     4      110  0.8899E+01  0.1563E-04  0.0000E+00  0.0000E+00
     1    36     1     5      110  0.2426E+01  0.1374E-04  0.0000E+00  0.0000E+00
     1    37     1     1      110  0.2304E+04  0.7657E-02  0.0000E+00  0.0000E+00
     1    37     1     2      110  0.1708E+03  0.1225E-03  0.0000E+00  0.0000E+00
     1    37     1     3      110  0.5893E+02  0.1386E-03  0.0000E+00  0.0000E+00
     1    37     1     4      110  0.2157E+02  0.1104E-03  0.0000E+00  0.0000E+00
     1    37     1     5      110  0.6944E+01  0.1556E-04  0.0000E+00  0.0000E+00
     1    37     1     6      110  0.1457E+01  0.1045E-04  0.0000E+00  0.0000E+00
     1    38     1     1      110  0.1593E+03  0.2863E-02  0.0000E+00  0.0000E+00
     1    38     1     2      110  0.4564E+02  0.6532E-03  0.0000E+00  0.0000E+00
     1    38     1     3      110  0.1365E+02  0.1366E-01  0.0000E+00  0.0000E+00
     1    38     1     4      110  0.2131E+01  0.1027E-02  0.0000E+00  0.0000E+00
     1    39     1     1      110  0.7411E+02  0.5583E-01  0.0000E+00  0.0000E+00
     1    39     1     2      110  0.2139E+02  0.2102E-02  0.0000E+00  0.0000E+00
     1    39     1     3      110  0.7506E+01  0.1721E-02  0.0000E+00  0.0000E+00
     1    39     1     4      110  0.8804E+00  0.2074E-02  0.0000E+00  0.0000E+00
     1    40     1     1      110  0.9161E+02  0.1796E-01  0.0000E+00  0.0000E+00
     1    40     1     2      110  0.8829E+01  0.1624E-03  0.0000E+00  0.0000E+00
     1    40     1     3      110  0.1383E+01  0.1350E-04  0.0000E+00  0.0000E+00
     1    41     1     1      110  0.1895E+03  0.5368E-02  0.0000E+00  0.0000E+00
     1    41     1     2      110  0.1802E+03  0.2830E-01  0.0000E+00  0.0000E+00
     1    41     1     3      110  0.1857E+02  0.5133E-02  0.0000E+00  0.0000E+00
     1    41     1     4      110  0.4086E+01  0.9232E-05  0.0000E+00  0.0000E+00
     1    42     1     1      110  0.1805E+03  0.8073E-02  0.0000E+00  0.0000E+00
     1    42     1     2      110  0.1529E+03  0.1215E-01  0.0000E+00  0.0000E+00
     1    42     1     3      110  0.1389E+02  0.6844E-01  0.0000E+00  0.0000E+00
     1    42     1     4      110  0.7390E+01  0.2807E-04  0.0000E+00  0.0000E+00
     1    42     1     5      110  0.2529E+01  0.2239E-03  0.0000E+00  0.0000E+00
     1    43     1     1      110  0.1373E+03  0.3118E-01  0.0000E+00  0.0000E+00
     1    43     1     2      110  0.1040E+03  0.2228E-02  0.0000E+00  0.0000E+00
     1    43     1     3      110  0.4301E+01  0.1378E-01  0.0000E+00  0.0000E+00
     1    44     1     1      110  0.1188E+03  0.9942E-02  0.0000E+00  0.0000E+00
     1    44     1     2      110  0.4377E+02  0.4185E-03  0.0000E+00  0.0000E+00
     1    44     1     3      110  0.1830E+02  0.1100E-02  0.0000E+00  0.0000E+00
     1    44     1     4      110  0.7075E+01  0.6040E-03  0.0000E+00  0.0000E+00
     1    44     1     5      110  0.1558E+01  0.1123E-04  0.0000E+00  0.0000E+00
     1    45     1     1      110  0.1722E+03  0.2200E-01  0.0000E+00  0.0000E+00
     1    45     1     2      110  0.1227E+03  0.4314E-02  0.0000E+00  0.0000E+00
     1    45     1     3      110  0.3025E+06  0.8671E-01  0.0000E+00  0.0000E+00
     1    45     1     4      110  0.3770E+03  0.1203E-01  0.0000E+00  0.0000E+00
     1    45     2     1      110  0.7385E+02  0.2217E-01  0.0000E+00  0.0000E+00
     1    45     2     2      110  0.9142E+01  0.2184E-03  0.0000E+00  0.0000E+00
     1    45     2     3      110  0.2393E+00  0.2944E-05  0.0000E+00  0.0000E+00
     1    46     1     1      110  0.3010E+02  0.2424E-02  0.0000E+00  0.0000E+00
     1    46     1     2      110  0.2653E+02  0.5736E-03  0.0000E+00  0.0000E+00
     1    46     1     3      110  0.1191E+02  0.4197E-01  0.0000E+00  0.0000E+00
     1    46     1     4      110  0.1377E+00  0.3441E-01  0.0000E+00  0.0000E+00
     1    47     1     1      110  0.1345E+04  0.4095E-01  0.0000E+00  0.0000E+00
     1    47     1     2      110  0.3015E+03  0.1233E-03  0.0000E+00  0.0000E+00
     1    47     1     3      110  0.1137E+03  0.6743E-04  0.0000E+00  0.0000E+00
     1    47     1     4      110  0.4658E+02  0.8145E-04  0.0000E+00  0.0000E+00
     1    47     1     5      110  0.1886E+02  0.1042E-03  0.0000E+00  0.0000E+00
     1    47     1     6      110  0.6741E+01  0.1238E-03  0.0000E+00  0.0000E+00
     1    47     1     7      110  0.1627E+01  0.1082E-03  0.0000E+00  0.0000E+00
     1    48     1     1      110  0.3356E+03  0.4044E-01  0.0000E+00  0.0000E+00
     1    48     1     2      110  0.8534E+02  0.5065E-04  0.0000E+00  0.0000E+00
     1    48     1     3      110  0.2663E+02  0.2403E-03  0.0000E+00  0.0000E+00
     1    48     1     4      110  0.1552E+02  0.2897E-02  0.0000E+00  0.0000E+00
     1    48     1     5      110  0.7095E-01  0.4464E-02  0.0000E+00  0.0000E+00
     1    49     1     1      110  0.2631E+03  0.1470E-01  0.0000E+00  0.0000E+00
     1    49     1     2      110  0.4186E+02  0.2080E-04  0.0000E+00  0.0000E+00
     1    49     1     3      110  0.2300E+01  0.7097E-05  0.0000E+00  0.0000E+00
     1    50     1     1      110  0.1710E+03  0.3636E-02  0.0000E+00  0.0000E+00
     1    50     1     2      110  0.2151E+02  0.7168E-05  0.0000E+00  0.0000E+00
     1    50     1     3      110  0.2273E+01  0.4577E-05  0.0000E+00  0.0000E+00
     1    51     1     1      110  0.3733E+03  0.4632E-02  0.0000E+00  0.0000E+00
     1    51     1     2      110  0.1277E+03  0.2615E-04  0.0000E+00  0.0000E+00
     1    51     1     3      110  0.4682E+02  0.2998E-04  0.0000E+00  0.0000E+00
     1    51     1     4      110  0.2244E+02  0.9308E-04  0.0000E+00  0.0000E+00
     1    51     1     5      110  0.1477E+02  0.5691E-03  0.0000E+00  0.0000E+00
     1    51     1     6      110  0.1011E+01  0.1707E-02  0.0000E+00  0.0000E+00
     1    52     1     1      110  0.3059E+03  0.6698E-02  0.0000E+00  0.0000E+00
     1    52     1     2      110  0.6956E+02  0.2679E-04  0.0000E+00  0.0000E+00
     1    52     1     3      110  0.2453E+02  0.2965E-04  0.0000E+00  0.0000E+00
     1    52     1     4      110  0.8237E+01  0.2149E-03  0.0000E+00  0.0000E+00
     1    52     1     5      110  0.1837E+01  0.4631E-03  0.0000E+00  0.0000E+00
     1    53     1     1      110  0.2209E+03  0.5458E-02  0.0000E+00  0.0000E+00
     1    53     1     2      110  0.1261E+03  0.5649E-04  0.0000E+00  0.0000E+00
     1    53     1     3      110  0.1042E+03  0.2580E-03  0.0000E+00  0.0000E+00
     1    53     1     4      110  0.7410E+02  0.8718E-02  0.0000E+00  0.0000E+00
     1    53     1     5      110  0.2196E+02  0.2247E-01  0.0000E+00  0.0000E+00
     1    53     1     6      110  0.2651E+01  0.1855E-04  0.0000E+00  0.0000E+00
     1    54     1     1      110  0.1632E+03  0.5563E-02  0.0000E+00  0.0000E+00
     1    54     1     2      110  0.5184E+02  0.1096E-02  0.0000E+00  0.0000E+00
     1    54     1     3      110  0.6483E+01  0.2792E-02  0.0000E+00  0.0000E+00
     1    54     1     4      110  0.4043E+00  0.1854E-05  0.0000E+00  0.0000E+00
     1    55     1     1      110  0.1782E+03  0.1147E-01  0.0000E+00  0.0000E+00
     1    55     1     2      110  0.6444E+02  0.1980E-04  0.0000E+00  0.0000E+00
     1    55     1     3      110  0.2835E+02  0.3809E-04  0.0000E+00  0.0000E+00
     1    55     1     4      110  0.1360E+02  0.5946E-04  0.0000E+00  0.0000E+00
     1    55     1     5      110  0.7080E+01  0.1118E-03  0.0000E+00  0.0000E+00
     1    55     1     6      110  0.3519E+01  0.2568E-03  0.0000E+00  0.0000E+00
     1    56     1     1      110  0.1447E+03  0.1012E-01  0.0000E+00  0.0000E+00
     1    56     1     2      110  0.1185E+02  0.2115E-02  0.0000E+00  0.0000E+00
     1    56     1     3      110  0.1187E+00  0.3015E-06  0.0000E+00  0.0000E+00
     1    57     1     1      110  0.1479E+03  0.5470E-02  0.0000E+00  0.0000E+00
     1    57     1     2      110  0.1267E+02  0.5900E-05  0.0000E+00  0.0000E+00
     1    57     1     3      110  0.1457E+00  0.3264E-06  0.0000E+00  0.0000E+00
     1    58     1     1      110  0.2006E+03  0.6821E-02  0.0000E+00  0.0000E+00
     1    58     1     2      110  0.6579E+02  0.8876E-05  0.0000E+00  0.0000E+00
     1    58     1     3      110  0.2520E+02  0.1041E-04  0.0000E+00  0.0000E+00
     1    58     1     4      110  0.9071E+01  0.2748E-04  0.0000E+00  0.0000E+00
     1    58     1     5      110  0.2534E+01  0.1426E-03  0.0000E+00  0.0000E+00
     1    59     1     1      110  0.2179E+03  0.8310E-02  0.0000E+00  0.0000E+00
     1    59     1     2      110  0.5392E+02  0.3333E-04  0.0000E+00  0.0000E+00
     1    59     1     3      110  0.1532E+02  0.3464E-05  0.0000E+00  0.0000E+00
     1    59     1     4      110  0.2667E+01  0.1990E-05  0.0000E+00  0.0000E+00
     1    60     1     1      110  0.2272E+03  0.8188E-02  0.0000E+00  0.0000E+00
     1    60     1     2      110  0.5628E+02  0.1231E-04  0.0000E+00  0.0000E+00
     1    60     1     3      110  0.1769E+02  0.9514E-05  0.0000E+00  0.0000E+00
     1    60     1     4      110  0.3972E+01  0.6851E-05  0.0000E+00  0.0000E+00
     1    61     1     1      110  0.2910E+03  0.1023E-01  0.0000E+00  0.0000E+00
     1    61     1     2      110  0.1879E+03  0.1360E-03  0.0000E+00  0.0000E+00
     1    61     1     3      110  0.1710E+03  0.2669E-02  0.0000E+00  0.0000E+00
     1    61     1     4      110  0.8823E+02  0.2458E-01  0.0000E+00  0.0000E+00
     1    61     1     5      110  0.4221E+02  0.2590E-01  0.0000E+00  0.0000E+00
     1    61     1     6      110  0.2747E+02  0.1879E-04  0.0000E+00  0.0000E+00
     1    61     1     7      110  0.1789E+02  0.1034E-03  0.0000E+00  0.0000E+00
     1    61     1     8      110  0.5701E+00  0.2728E-03  0.0000E+00  0.0000E+00
     1    62     1     1      110  0.3807E+03  0.1262E-01  0.0000E+00  0.0000E+00
     1    62     1     2      110  0.1380E+03  0.1068E-04  0.0000E+00  0.0000E+00
     1    62     1     3      110  0.5675E+02  0.9102E-05  0.0000E+00  0.0000E+00
     1    62     1     4      110  0.2362E+02  0.1089E-04  0.0000E+00  0.0000E+00
     1    62     1     5      110  0.8862E+01  0.1381E-04  0.0000E+00  0.0000E+00
     1    62     1     6      110  0.2241E+01  0.1327E-04  0.0000E+00  0.0000E+00
     1    63     1     1      110  0.1808E+03  0.1229E-01  0.0000E+00  0.0000E+00
     1    63     1     2      110  0.1389E+03  0.1984E-03  0.0000E+00  0.0000E+00
     1    63     1     3      110  0.4862E+01  0.9834E-03  0.0000E+00  0.0000E+00
     1    64     1     1      110  0.2016E+03  0.1229E-01  0.0000E+00  0.0000E+00
     1    64     1     2      110  0.7389E+02  0.7666E-05  0.0000E+00  0.0000E+00
     1    64     1     3      110  0.3150E+02  0.9569E-05  0.0000E+00  0.0000E+00
     1    64     1     4      110  0.1456E+02  0.1355E-04  0.0000E+00  0.0000E+00
     1    64     1     5      110  0.7398E+01  0.2317E-04  0.0000E+00  0.0000E+00
     1    64     1     6      110  0.4396E+01  0.5215E-04  0.0000E+00  0.0000E+00
     1    65     1     1      110  0.2524E+03  0.1231E-01  0.0000E+00  0.0000E+00
     1    65     1     2      110  0.1319E+03  0.1100E-03  0.0000E+00  0.0000E+00
     1    65     1     3      110  0.1006E+03  0.2398E-02  0.0000E+00  0.0000E+00
     1    65     1     4      110  0.9590E+02  0.8731E-03  0.0000E+00  0.0000E+00
     1    65     1     5      110  0.2793E+01  0.7202E-01  0.0000E+00  0.0000E+00
     1    66     1     1      110  0.1637E+03  0.1243E-01  0.0000E+00  0.0000E+00
     1    66     1     2      110  0.4922E+02  0.4354E-05  0.0000E+00  0.0000E+00
     1    66     1     3      110  0.1342E+02  0.3007E-05  0.0000E+00  0.0000E+00
     1    66     1     4      110  0.2111E+01  0.1611E-05  0.0000E+00  0.0000E+00
     1    67     1     1      110  0.1094E+03  0.1236E-01  0.0000E+00  0.0000E+00
     1    67     1     2      110  0.3370E+02  0.3766E-04  0.0000E+00  0.0000E+00
     1    67     1     3      110  0.1555E+02  0.2203E-02  0.0000E+00  0.0000E+00
     1    67     1     4      110  0.2909E-01  0.1906E-02  0.0000E+00  0.0000E+00
     1    68     1     1      110  0.1219E+03  0.1556E-01  0.0000E+00  0.0000E+00
     1    68     1     2      110  0.1953E+02  0.2868E-04  0.0000E+00  0.0000E+00
     1    68     1     3      110  0.6764E+00  0.1021E-03  0.0000E+00  0.0000E+00
     1    69     1     1      110  0.1625E+03  0.2307E-01  0.0000E+00  0.0000E+00
     1    69     1     2      110  0.8205E+01  0.5218E-05  0.0000E+00  0.0000E+00
     1    69     1     3      110  0.3759E+01  0.6988E-05  0.0000E+00  0.0000E+00
     1    70     1     1      110  0.2693E+03  0.3471E-01  0.0000E+00  0.0000E+00
     1    70     1     2      110  0.9696E+02  0.1491E-03  0.0000E+00  0.0000E+00
     1    70     1     3      110  0.5160E+02  0.3007E-05  0.0000E+00  0.0000E+00
     1    70     1     4      110  0.3803E+02  0.9717E-05  0.0000E+00  0.0000E+00
     1    70     1     5      110  0.2955E+02  0.1212E-03  0.0000E+00  0.0000E+00
     1    70     1     6      110  0.5242E+01  0.5425E-03  0.0000E+00  0.0000E+00
     1    70     1     7      110  0.3399E+00  0.3131E-05  0.0000E+00  0.0000E+00
     1    71     1     1      110  0.4632E+03  0.4182E-01  0.0000E+00  0.0000E+00
     1    71     1     2      110  0.2120E+03  0.6257E-04  0.0000E+00  0.0000E+00
     1    71     1     3      110  0.1276E+03  0.1222E-01  0.0000E+00  0.0000E+00
     1    71     1     4      110  0.9317E+02  0.2562E-02  0.0000E+00  0.0000E+00
     1    71     1     5      110  0.1818E+02  0.2249E-03  0.0000E+00  0.0000E+00
     1    71     1     6      110  0.7480E+01  0.2291E-03  0.0000E+00  0.0000E+00
     1    71     1     7      110  0.4684E+01  0.1283E-04  0.0000E+00  0.0000E+00
     1    72     1     1      110  0.7138E+03  0.4975E-01  0.0000E+00  0.0000E+00
     1    72     1     2      110  0.5204E+03  0.1183E-03  0.0000E+00  0.0000E+00
     1    72     1     3      110  0.4406E+03  0.1953E-03  0.0000E+00  0.0000E+00
     1    72     1     4      110  0.2932E+03  0.1478E-02  0.0000E+00  0.0000E+00
     1    72     1     5      110  0.1773E+03  0.1179E-01  0.0000E+00  0.0000E+00
     1    72     1     6      110  0.1712E+02  0.1401E-03  0.0000E+00  0.0000E+00
     1    72     1     7      110  0.3475E+00  0.1993E-06  0.0000E+00  0.0000E+00
     1    73     1     1      110  0.1220E+03  0.4158E-01  0.0000E+00  0.0000E+00
     1    73     1     2      110  0.1466E+02  0.6604E-05  0.0000E+00  0.0000E+00
     1    73     1     3      110  0.4112E+00  0.7776E-07  0.0000E+00  0.0000E+00
     1    74     1     1      110  0.1315E+03  0.4157E-01  0.0000E+00  0.0000E+00
     1    74     1     2      110  0.1907E+02  0.5576E-05  0.0000E+00  0.0000E+00
     1    74     1     3      110  0.8462E+00  0.1120E-06  0.0000E+00  0.0000E+00
     1    75     1     1      110  0.1472E+03  0.5196E-01  0.0000E+00  0.0000E+00
     1    75     1     2      110  0.2800E+02  0.6099E-05  0.0000E+00  0.0000E+00
     1    75     1     3      110  0.2443E+01  0.1326E-06  0.0000E+00  0.0000E+00
     1    76     1     1      110  0.2639E+03  0.7794E-01  0.0000E+00  0.0000E+00
     1    76     1     2      110  0.2140E+03  0.6077E-02  0.0000E+00  0.0000E+00
     1    76     1     3      110  0.1139E+03  0.2612E-01  0.0000E+00  0.0000E+00
     1    76     1     4      110  0.9675E+02  0.1045E-04  0.0000E+00  0.0000E+00
     1    76     1     5      110  0.6531E+02  0.4968E-03  0.0000E+00  0.0000E+00
     1    76     1     6      110  0.4208E-01  0.1061E-02  0.0000E+00  0.0000E+00
     1    77     1     1      110  0.1200E+02  0.9467E-01  0.0000E+00  0.0000E+00
     1    77     1     2      110  0.1861E-02  0.2690E-03  0.0000E+00  0.0000E+00
     1    78     1     1      110  0.3965E+02  0.9362E-01  0.0000E+00  0.0000E+00
     1    78     1     2      110  0.3397E+02  0.3442E-04  0.0000E+00  0.0000E+00
     1    78     1     3      110  0.1342E+02  0.3072E-03  0.0000E+00  0.0000E+00
     1    78     1     4      110  0.1072E-02  0.2022E-03  0.0000E+00  0.0000E+00
     1    79     1     1      110  0.3534E+03  0.1171E+00  0.0000E+00  0.0000E+00
     1    79     1     2      110  0.2644E+03  0.1194E-03  0.0000E+00  0.0000E+00
     1    79     1     3      110  0.2437E+03  0.3040E-04  0.0000E+00  0.0000E+00
     1    79     1     4      110  0.9804E+00  0.5838E-03  0.0000E+00  0.0000E+00
     1    80     1     1      110  0.8985E+03  0.1757E+00  0.0000E+00  0.0000E+00
     1    80     1     2      110  0.7614E+03  0.1133E-01  0.0000E+00  0.0000E+00
     1    80     1     3      110  0.4693E+03  0.4298E-03  0.0000E+00  0.0000E+00
     1    80     1     4      110  0.2642E+00  0.1031E-03  0.0000E+00  0.0000E+00
     1    81     1     1      110  0.1295E+04  0.2635E+00  0.0000E+00  0.0000E+00
     1    81     1     2      110  0.1185E+04  0.6464E-03  0.0000E+00  0.0000E+00
     1    81     1     3      110  0.4651E+03  0.2523E-02  0.0000E+00  0.0000E+00
     1    81     1     4      110  0.2289E+02  0.1168E-01  0.0000E+00  0.0000E+00
     1    81     1     5      110  0.1323E+02  0.6258E-06  0.0000E+00  0.0000E+00
     1    81     1     6      110  0.1082E+02  0.2750E-05  0.0000E+00  0.0000E+00
     1    81     1     7      110  0.3667E+01  0.5461E-04  0.0000E+00  0.0000E+00
     1    82     1     1      110  0.2984E+04  0.3165E+00  0.0000E+00  0.0000E+00
     1    82     1     2      110  0.2680E+04  0.2355E-02  0.0000E+00  0.0000E+00
     1    82     1     3      110  0.6648E+03  0.1310E-02  0.0000E+00  0.0000E+00
     1    82     1     4      110  0.4953E+02  0.4781E-02  0.0000E+00  0.0000E+00
     1    82     1     5      110  0.3117E-02  0.3849E-03  0.0000E+00  0.0000E+00
     1    83     1     1      110  0.1301E+03  0.3165E+00  0.0000E+00  0.0000E+00
     1    83     1     2      110  0.1272E+03  0.1615E-02  0.0000E+00  0.0000E+00
     1    83     1     3      110  0.3996E+00  0.1070E-01  0.0000E+00  0.0000E+00
     1    84     1     1      110  0.9820E+02  0.3174E+00  0.0000E+00  0.0000E+00
     1    84     1     2      110  0.2020E+00  0.4641E-02  0.0000E+00  0.0000E+00
     1    85     1     1      110  0.3441E+03  0.3962E+00  0.0000E+00  0.0000E+00
     1    85     1     2      110  0.1183E+00  0.3794E-02  0.0000E+00  0.0000E+00
     1    86     1     1      110  0.1741E+04  0.5947E+00  0.0000E+00  0.0000E+00
     1    86     1     2      110  0.2970E+01  0.1242E-01  0.0000E+00  0.0000E+00
     1    87     1     1      110  0.3970E+04  0.7729E+00  0.0000E+00  0.0000E+00
     1    87     1     2      110  0.1053E+03  0.2694E-01  0.0000E+00  0.0000E+00
     1    87     1     3      110  0.3902E-01  0.6741E-03  0.0000E+00  0.0000E+00
